http://img.tupianzj.com/uploads/allimg/160225/9-160225101137.jpg
http://img.tupianzj.com/uploads/allimg/160225/9-160225101138.jpg
http://img.tupianzj.com/uploads/allimg/160225/9-160225101138-50.jpg
http://img.tupianzj.com/uploads/allimg/160225/9-160225101139.jpg
http://img.tupianzj.com/uploads/allimg/160225/9-160225101140.jpg
http://img.tupianzj.com/uploads/allimg/160225/9-160225101141.jpg
http://img.tupianzj.com/uploads/allimg/160225/9-160225101142.jpg
http://img.tupianzj.com/uploads/allimg/160225/9-160225101136.jpg
http://img.tupianzj.com/uploads/allimg/160225/9-160225103002.jpg
http://img.tupianzj.com/uploads/allimg/160225/9-160225103003.jpg
http://img.tupianzj.com/uploads/allimg/160225/9-160225103004.jpg
http://img.tupianzj.com/uploads/allimg/160225/9-160225103005.jpg
http://img.tupianzj.com/uploads/allimg/160225/9-160225103006.jpg
http://img.tupianzj.com/uploads/allimg/160225/9-160225103007.jpg
http://img.tupianzj.com/uploads/allimg/160225/9-160225103008.jpg
http://img.tupianzj.com/uploads/allimg/160225/9-160225103001.jpg
http://img.tupianzj.com/uploads/allimg/160303/9-160303095A4.jpg
http://img.tupianzj.com/uploads/allimg/160303/9-160303095A4-50.jpg
http://img.tupianzj.com/uploads/allimg/160303/9-160303095A5.jpg
http://img.tupianzj.com/uploads/allimg/160303/9-160303095A6.jpg
http://img.tupianzj.com/uploads/allimg/160303/9-160303095A8.jpg
http://img.tupianzj.com/uploads/allimg/160114/9-160114151039.jpg
http://img.tupianzj.com/uploads/allimg/160303/9-160303095A3.jpg
http://img.tupianzj.com/uploads/allimg/160306/9-160306141Z6.jpg
http://img.tupianzj.com/uploads/allimg/160306/9-160306141914.jpg
http://img.tupianzj.com/uploads/allimg/160306/9-160306141922.jpg
http://img.tupianzj.com/uploads/allimg/160306/9-160306141929.jpg
http://img.tupianzj.com/uploads/allimg/160306/9-160306141935.jpg
http://img.tupianzj.com/uploads/allimg/160306/9-160306141942.jpg
http://img.tupianzj.com/uploads/allimg/160306/9-160306141948.jpg
http://img.tupianzj.com/uploads/allimg/160114/9-160114151045.jpg
http://img.tupianzj.com/uploads/allimg/160306/9-160306141U8.jpg
http://img.tupianzj.com/uploads/allimg/160313/9-160313132U4.jpg
http://img.tupianzj.com/uploads/allimg/160313/9-160313132U6.jpg
http://img.tupianzj.com/uploads/allimg/160313/9-160313132U9.jpg
http://img.tupianzj.com/uploads/allimg/160313/9-160313132Z1.jpg
http://img.tupianzj.com/uploads/allimg/160313/9-160313132Z3.jpg
http://img.tupianzj.com/uploads/allimg/160313/9-160313132Z6.jpg
http://img.tupianzj.com/uploads/allimg/160114/9-160114151049.jpg
http://img.tupianzj.com/uploads/allimg/160313/9-160313132U2.jpg
http://img.tupianzj.com/uploads/allimg/160315/9-160315144431.jpg
http://img.tupianzj.com/uploads/allimg/160315/9-160315144433.jpg
http://img.tupianzj.com/uploads/allimg/160315/9-160315144438.jpg
http://img.tupianzj.com/uploads/allimg/160315/9-160315144441.jpg
http://img.tupianzj.com/uploads/allimg/160315/9-160315144444.jpg
http://img.tupianzj.com/uploads/allimg/160315/9-160315144446.jpg
http://img.tupianzj.com/uploads/allimg/160315/9-160315144449.jpg
http://img.tupianzj.com/uploads/allimg/160114/9-160114151052.jpg
http://img.tupianzj.com/uploads/allimg/160315/9-160315144429.jpg
http://img.tupianzj.com/uploads/allimg/160403/9-160403152T5.jpg
http://img.tupianzj.com/uploads/allimg/160403/9-160403152T9.jpg
http://img.tupianzj.com/uploads/allimg/160403/9-160403152U3.jpg
http://img.tupianzj.com/uploads/allimg/160403/9-160403152U8.jpg
http://img.tupianzj.com/uploads/allimg/160403/9-160403152Z2.jpg
http://img.tupianzj.com/uploads/allimg/160403/9-160403152Z8.jpg
http://img.tupianzj.com/uploads/allimg/160403/9-160403152912.jpg
http://img.tupianzj.com/uploads/allimg/160114/9-160114151057.jpg
http://img.tupianzj.com/uploads/allimg/160403/9-160403152T3.jpg
http://img.tupianzj.com/uploads/allimg/160404/14-1604041R928.jpg
http://img.tupianzj.com/uploads/allimg/160404/14-1604041R934.jpg
http://img.tupianzj.com/uploads/allimg/160404/14-1604041R939.jpg
http://img.tupianzj.com/uploads/allimg/160404/14-1604041R944.jpg
http://img.tupianzj.com/uploads/allimg/160404/14-1604041R953.jpg
http://img.tupianzj.com/uploads/allimg/160404/14-1604041R957.jpg
http://img.tupianzj.com/uploads/allimg/160404/14-1604041S001.jpg
http://img.tupianzj.com/uploads/allimg/160114/9-160114151102.jpg
http://img.tupianzj.com/uploads/allimg/160404/14-1604041R923.jpg
http://img.tupianzj.com/uploads/allimg/160409/9-16040ZTR7-50.jpg
http://img.tupianzj.com/uploads/allimg/160409/9-16040ZTR8.jpg
http://img.tupianzj.com/uploads/allimg/160409/9-16040ZTR9.jpg
http://img.tupianzj.com/uploads/allimg/160409/9-16040ZTS0.jpg
http://img.tupianzj.com/uploads/allimg/160409/9-16040ZTS3.jpg
http://img.tupianzj.com/uploads/allimg/160409/9-16040ZTS3-50.jpg
http://img.tupianzj.com/uploads/allimg/160409/9-16040ZTS5.jpg
http://img.tupianzj.com/uploads/allimg/160409/9-16040ZTR7.jpg
http://img.tupianzj.com/uploads/allimg/160410/9-160410123R3.jpg
http://img.tupianzj.com/uploads/allimg/160410/9-160410123R6.jpg
http://img.tupianzj.com/uploads/allimg/160410/9-160410123R8.jpg
http://img.tupianzj.com/uploads/allimg/160410/9-160410123S1.jpg
http://img.tupianzj.com/uploads/allimg/160410/9-160410123S5.jpg
http://img.tupianzj.com/uploads/allimg/160410/9-160410123S7.jpg
http://img.tupianzj.com/uploads/allimg/160410/9-160410123S9.jpg
http://img.tupianzj.com/uploads/allimg/160410/9-160410123Q7.jpg
http://img.tupianzj.com/uploads/allimg/160114/9-160114151035.jpg
http://img.tupianzj.com/uploads/allimg/160410/9-160410124355.jpg
http://img.tupianzj.com/uploads/allimg/160410/9-160410124400.jpg
http://img.tupianzj.com/uploads/allimg/160410/9-160410124413.jpg
http://img.tupianzj.com/uploads/allimg/160410/9-160410124425.jpg
http://img.tupianzj.com/uploads/allimg/160410/9-160410124432.jpg
http://img.tupianzj.com/uploads/allimg/160410/9-160410124348.jpg
http://img.tupianzj.com/uploads/allimg/160415/9-1604150Z000.jpg
http://img.tupianzj.com/uploads/allimg/160415/9-1604150Z002.jpg
http://img.tupianzj.com/uploads/allimg/160415/9-1604150Z003.jpg
http://img.tupianzj.com/uploads/allimg/160415/9-1604150Z005.jpg
http://img.tupianzj.com/uploads/allimg/160415/9-1604150Z006.jpg
http://img.tupianzj.com/uploads/allimg/160415/9-1604150Z008.jpg
http://img.tupianzj.com/uploads/allimg/160415/9-1604150Z009.jpg
http://img.tupianzj.com/uploads/allimg/160415/9-1604150U957.jpg
http://img.tupianzj.com/uploads/allimg/160501/9-160501091208.jpg
http://img.tupianzj.com/uploads/allimg/160501/9-160501091213.jpg
http://img.tupianzj.com/uploads/allimg/160501/9-160501091220.jpg
http://img.tupianzj.com/uploads/allimg/160125/9-160125152155.jpg
http://img.tupianzj.com/uploads/allimg/160501/9-160501091200.jpg
http://img.tupianzj.com/uploads/allimg/160502/9-160502094240.jpg
http://img.tupianzj.com/uploads/allimg/160502/9-160502094244.jpg
http://img.tupianzj.com/uploads/allimg/160502/9-160502094249.jpg
http://img.tupianzj.com/uploads/allimg/160502/9-160502094255.jpg
http://img.tupianzj.com/uploads/allimg/160502/9-160502094303.jpg
http://img.tupianzj.com/uploads/allimg/160502/9-160502094309.jpg
http://img.tupianzj.com/uploads/allimg/160502/9-160502094314.jpg
http://img.tupianzj.com/uploads/allimg/160125/9-160125152201.jpg
http://img.tupianzj.com/uploads/allimg/160502/9-160502094236.jpg
http://img.tupianzj.com/uploads/allimg/160503/9-1605030ZI7.jpg
http://img.tupianzj.com/uploads/allimg/160503/9-1605030ZI9.jpg
http://img.tupianzj.com/uploads/allimg/160503/9-1605030ZJ0.jpg
http://img.tupianzj.com/uploads/allimg/160503/9-1605030ZJ1.jpg
http://img.tupianzj.com/uploads/allimg/160503/9-1605030ZJ2.jpg
http://img.tupianzj.com/uploads/allimg/160503/9-1605030ZJ5.jpg
http://img.tupianzj.com/uploads/allimg/160503/9-1605030ZJ7.jpg
http://img.tupianzj.com/uploads/allimg/160125/9-160125152205.jpg
http://img.tupianzj.com/uploads/allimg/160503/9-1605030ZI6.jpg
http://img.tupianzj.com/uploads/allimg/160511/9-1605111S154.jpg
http://img.tupianzj.com/uploads/allimg/160511/9-1605111S156.jpg
http://img.tupianzj.com/uploads/allimg/160511/9-1605111S158.jpg
http://img.tupianzj.com/uploads/allimg/160511/9-1605111S201.jpg
http://img.tupianzj.com/uploads/allimg/160511/9-1605111S203.jpg
http://img.tupianzj.com/uploads/allimg/160511/9-1605111S206.jpg
http://img.tupianzj.com/uploads/allimg/160511/9-1605111S209.jpg
http://img.tupianzj.com/uploads/allimg/160125/9-160125152209.jpg
http://img.tupianzj.com/uploads/allimg/160511/9-1605111S150.jpg
http://img.tupianzj.com/uploads/allimg/160512/9-1605120U056.jpg
http://img.tupianzj.com/uploads/allimg/160512/9-1605120U058.jpg
http://img.tupianzj.com/uploads/allimg/160512/9-1605120U100.jpg
http://img.tupianzj.com/uploads/allimg/160512/9-1605120U101.jpg
http://img.tupianzj.com/uploads/allimg/160512/9-1605120U103.jpg
http://img.tupianzj.com/uploads/allimg/160512/9-1605120U105.jpg
http://img.tupianzj.com/uploads/allimg/160512/9-1605120U106.jpg
http://img.tupianzj.com/uploads/allimg/160125/9-160125152213.jpg
http://img.tupianzj.com/uploads/allimg/160512/9-1605120U055.jpg
http://img.tupianzj.com/uploads/allimg/160515/9-160515122058.jpg
http://img.tupianzj.com/uploads/allimg/160515/9-160515122103.jpg
http://img.tupianzj.com/uploads/allimg/160515/9-160515122107.jpg
http://img.tupianzj.com/uploads/allimg/160515/9-160515122110.jpg
http://img.tupianzj.com/uploads/allimg/160515/9-160515122116.jpg
http://img.tupianzj.com/uploads/allimg/160515/9-160515122121.jpg
http://img.tupianzj.com/uploads/allimg/160515/9-160515122123.jpg
http://img.tupianzj.com/uploads/allimg/160515/9-160515122054.jpg
http://img.tupianzj.com/uploads/allimg/160518/9-16051PZ545.jpg
http://img.tupianzj.com/uploads/allimg/160518/9-16051PZ547.jpg
http://img.tupianzj.com/uploads/allimg/160518/9-16051PZ549.jpg
http://img.tupianzj.com/uploads/allimg/160518/9-16051PZ551.jpg
http://img.tupianzj.com/uploads/allimg/160518/9-16051PZ553.jpg
http://img.tupianzj.com/uploads/allimg/160518/9-16051PZ555.jpg
http://img.tupianzj.com/uploads/allimg/160518/9-16051PZ557.jpg
http://img.tupianzj.com/uploads/allimg/160518/9-16051PZ543.jpg
http://img.tupianzj.com/uploads/allimg/160520/9-160520091130.jpg
http://img.tupianzj.com/uploads/allimg/160520/9-160520091131.jpg
http://img.tupianzj.com/uploads/allimg/160520/9-160520091132.jpg
http://img.tupianzj.com/uploads/allimg/160520/9-160520091133.jpg
http://img.tupianzj.com/uploads/allimg/160520/9-160520091135.jpg
http://img.tupianzj.com/uploads/allimg/160520/9-160520091135-50.jpg
http://img.tupianzj.com/uploads/allimg/160520/9-160520091137.jpg
http://img.tupianzj.com/uploads/allimg/160520/9-160520091129.jpg
http://img.tupianzj.com/uploads/allimg/160125/9-160125152153.jpg
http://img.tupianzj.com/uploads/allimg/160521/9-160521112534.jpg
http://img.tupianzj.com/uploads/allimg/160521/9-160521112536.jpg
http://img.tupianzj.com/uploads/allimg/160521/9-160521112539.jpg
http://img.tupianzj.com/uploads/allimg/160521/9-160521112544.jpg
http://img.tupianzj.com/uploads/allimg/160521/9-160521112549.jpg
http://img.tupianzj.com/uploads/allimg/160521/9-160521112552.jpg
http://img.tupianzj.com/uploads/allimg/160521/9-160521112555.jpg
http://img.tupianzj.com/uploads/allimg/160521/9-160521112531.jpg
http://img.tupianzj.com/uploads/allimg/160523/9-160523092631.jpg
http://img.tupianzj.com/uploads/allimg/160523/9-160523092633.jpg
http://img.tupianzj.com/uploads/allimg/160523/9-160523092634.jpg
http://img.tupianzj.com/uploads/allimg/160523/9-160523092635.jpg
http://img.tupianzj.com/uploads/allimg/160523/9-160523092637.jpg
http://img.tupianzj.com/uploads/allimg/160523/9-160523092640.jpg
http://img.tupianzj.com/uploads/allimg/160523/9-160523092643.jpg
http://img.tupianzj.com/uploads/allimg/160523/9-160523092630.jpg
http://img.tupianzj.com/uploads/allimg/160524/9-160524115350.jpg
http://img.tupianzj.com/uploads/allimg/160524/9-160524115352.jpg
http://img.tupianzj.com/uploads/allimg/160524/9-160524115354.jpg
http://img.tupianzj.com/uploads/allimg/160126/9-160126134J6.jpg
http://img.tupianzj.com/uploads/allimg/160524/9-160524115348.jpg
http://img.tupianzj.com/uploads/allimg/160525/9-1605250Q347.jpg
http://img.tupianzj.com/uploads/allimg/160525/9-1605250Q348.jpg
http://img.tupianzj.com/uploads/allimg/160525/9-1605250Q350.jpg
http://img.tupianzj.com/uploads/allimg/160525/9-1605250Q351.jpg
http://img.tupianzj.com/uploads/allimg/160525/9-1605250Q352.jpg
http://img.tupianzj.com/uploads/allimg/160525/9-1605250Q353.jpg
http://img.tupianzj.com/uploads/allimg/160525/9-1605250Q354.jpg
http://img.tupianzj.com/uploads/allimg/160126/9-160126134J8.jpg
http://img.tupianzj.com/uploads/allimg/160525/9-1605250Q346.jpg
http://img.tupianzj.com/uploads/allimg/160527/9-16052F93F8.jpg
http://img.tupianzj.com/uploads/allimg/160527/9-16052F93G1.jpg
http://img.tupianzj.com/uploads/allimg/160527/9-16052F93G7.jpg
http://img.tupianzj.com/uploads/allimg/160527/9-16052F93H1.jpg
http://img.tupianzj.com/uploads/allimg/160527/9-16052F93H5.jpg
http://img.tupianzj.com/uploads/allimg/160527/9-16052F93I1.jpg
http://img.tupianzj.com/uploads/allimg/160527/9-16052F93I6.jpg
http://img.tupianzj.com/uploads/allimg/160126/9-160126134K0.jpg
http://img.tupianzj.com/uploads/allimg/160527/9-16052F93F3.jpg
http://img.tupianzj.com/uploads/allimg/160528/9-16052Q12620.jpg
http://img.tupianzj.com/uploads/allimg/160528/9-16052Q12623.jpg
http://img.tupianzj.com/uploads/allimg/160528/9-16052Q12627.jpg
http://img.tupianzj.com/uploads/allimg/160528/9-16052Q12629.jpg
http://img.tupianzj.com/uploads/allimg/160528/9-16052Q12634.jpg
http://img.tupianzj.com/uploads/allimg/160528/9-16052Q12636.jpg
http://img.tupianzj.com/uploads/allimg/160528/9-16052Q12639.jpg
http://img.tupianzj.com/uploads/allimg/160126/9-160126134K2.jpg
http://img.tupianzj.com/uploads/allimg/160528/9-16052Q12616.jpg
http://img.tupianzj.com/uploads/allimg/160528/9-16052Q54425.jpg
http://img.tupianzj.com/uploads/allimg/160528/9-16052Q54434.jpg
http://img.tupianzj.com/uploads/allimg/160528/9-16052Q54439.jpg
http://img.tupianzj.com/uploads/allimg/160528/9-16052Q54440.jpg
http://img.tupianzj.com/uploads/allimg/160126/9-160126134K5.jpg
http://img.tupianzj.com/uploads/allimg/160528/9-16052Q54421.jpg
http://img.tupianzj.com/uploads/allimg/160529/9-160529133133.jpg
http://img.tupianzj.com/uploads/allimg/160529/9-160529133134.jpg
http://img.tupianzj.com/uploads/allimg/160529/9-160529133136.jpg
http://img.tupianzj.com/uploads/allimg/160529/9-160529133138.jpg
http://img.tupianzj.com/uploads/allimg/160529/9-160529133139.jpg
http://img.tupianzj.com/uploads/allimg/160529/9-160529133141.jpg
http://img.tupianzj.com/uploads/allimg/160529/9-160529133142.jpg
http://img.tupianzj.com/uploads/allimg/160126/9-160126134K7.jpg
http://img.tupianzj.com/uploads/allimg/160529/9-160529133131.jpg
http://img.tupianzj.com/uploads/allimg/160530/9-160530091300.jpg
http://img.tupianzj.com/uploads/allimg/160530/9-160530091303.jpg
http://img.tupianzj.com/uploads/allimg/160530/9-160530091305.jpg
http://img.tupianzj.com/uploads/allimg/160530/9-160530091307.jpg
http://img.tupianzj.com/uploads/allimg/160530/9-160530091310.jpg
http://img.tupianzj.com/uploads/allimg/160530/9-160530091311.jpg
http://img.tupianzj.com/uploads/allimg/160530/9-160530091313.jpg
http://img.tupianzj.com/uploads/allimg/160126/9-160126134K9.jpg
http://img.tupianzj.com/uploads/allimg/160530/9-160530091256.jpg
http://img.tupianzj.com/uploads/allimg/160530/9-160530091623.jpg
http://img.tupianzj.com/uploads/allimg/160530/9-160530091627.jpg
http://img.tupianzj.com/uploads/allimg/160530/9-160530091631.jpg
http://img.tupianzj.com/uploads/allimg/160530/9-160530091634.jpg
http://img.tupianzj.com/uploads/allimg/160530/9-160530091638.jpg
http://img.tupianzj.com/uploads/allimg/160530/9-160530091643.jpg
http://img.tupianzj.com/uploads/allimg/160530/9-160530091647.jpg
http://img.tupianzj.com/uploads/allimg/160530/9-160530091618.jpg
http://img.tupianzj.com/uploads/allimg/160126/9-160126134J5.jpg
http://img.tupianzj.com/uploads/allimg/160531/9-160531092514.jpg
http://img.tupianzj.com/uploads/allimg/160531/9-160531092519.jpg
http://img.tupianzj.com/uploads/allimg/160531/9-160531092524.jpg
http://img.tupianzj.com/uploads/allimg/160531/9-160531092529.jpg
http://img.tupianzj.com/uploads/allimg/160531/9-160531092533.jpg
http://img.tupianzj.com/uploads/allimg/160531/9-160531092538.jpg
http://img.tupianzj.com/uploads/allimg/160531/9-160531092543.jpg
http://img.tupianzj.com/uploads/allimg/160531/9-160531092509.jpg
http://img.tupianzj.com/uploads/allimg/160531/9-160531093G6.jpg
http://img.tupianzj.com/uploads/allimg/160531/9-160531093G8.jpg
http://img.tupianzj.com/uploads/allimg/160531/9-160531093H0.jpg
http://img.tupianzj.com/uploads/allimg/160531/9-160531093H3.jpg
http://img.tupianzj.com/uploads/allimg/160531/9-160531093H6.jpg
http://img.tupianzj.com/uploads/allimg/160531/9-160531093I0.jpg
http://img.tupianzj.com/uploads/allimg/160531/9-160531093I1.jpg
http://img.tupianzj.com/uploads/allimg/160531/9-160531093G3.jpg
http://img.tupianzj.com/uploads/allimg/160601/9-160601091407.jpg
http://img.tupianzj.com/uploads/allimg/160601/9-160601091408.jpg
http://img.tupianzj.com/uploads/allimg/160601/9-160601091409.jpg
http://img.tupianzj.com/uploads/allimg/160601/9-160601091409-50.jpg
http://img.tupianzj.com/uploads/allimg/160601/9-160601091410.jpg
http://img.tupianzj.com/uploads/allimg/160601/9-160601091411.jpg
http://img.tupianzj.com/uploads/allimg/160601/9-160601091412.jpg
http://img.tupianzj.com/uploads/allimg/160127/9-16012G03H2.jpg
http://img.tupianzj.com/uploads/allimg/160601/9-160601091406.jpg
http://img.tupianzj.com/uploads/allimg/160602/9-160602091520.jpg
http://img.tupianzj.com/uploads/allimg/160602/9-160602091521.jpg
http://img.tupianzj.com/uploads/allimg/160602/9-160602091522.jpg
http://img.tupianzj.com/uploads/allimg/160602/9-160602091523.jpg
http://img.tupianzj.com/uploads/allimg/160127/9-16012G03H3.jpg
http://img.tupianzj.com/uploads/allimg/160602/9-160602091519.jpg
http://img.tupianzj.com/uploads/allimg/160603/9-160603092S8.jpg
http://img.tupianzj.com/uploads/allimg/160603/9-160603092T0.jpg
http://img.tupianzj.com/uploads/allimg/160603/9-160603092T3.jpg
http://img.tupianzj.com/uploads/allimg/160603/9-160603092T6.jpg
http://img.tupianzj.com/uploads/allimg/160603/9-160603092T9.jpg
http://img.tupianzj.com/uploads/allimg/160603/9-160603092U0.jpg
http://img.tupianzj.com/uploads/allimg/160603/9-160603092U1.jpg
http://img.tupianzj.com/uploads/allimg/160127/9-16012G03H5.jpg
http://img.tupianzj.com/uploads/allimg/160603/9-160603092S6.jpg
http://img.tupianzj.com/uploads/allimg/160604/16-160604203Z8.jpg
http://img.tupianzj.com/uploads/allimg/160604/16-160604203913.jpg
http://img.tupianzj.com/uploads/allimg/160604/16-160604203919.jpg
http://img.tupianzj.com/uploads/allimg/160604/16-160604203922.jpg
http://img.tupianzj.com/uploads/allimg/160604/16-160604203926.jpg
http://img.tupianzj.com/uploads/allimg/160604/16-160604203929.jpg
http://img.tupianzj.com/uploads/allimg/160127/9-16012G03H6.jpg
http://img.tupianzj.com/uploads/allimg/160604/16-160604203Z3.jpg
http://img.tupianzj.com/uploads/allimg/160604/16-160604205243.jpg
http://img.tupianzj.com/uploads/allimg/160604/16-160604205247.jpg
http://img.tupianzj.com/uploads/allimg/160604/16-160604205253.jpg
http://img.tupianzj.com/uploads/allimg/160604/16-160604205258.jpg
http://img.tupianzj.com/uploads/allimg/160604/16-160604205301.jpg
http://img.tupianzj.com/uploads/allimg/160604/16-160604205304.jpg
http://img.tupianzj.com/uploads/allimg/160604/16-160604205312.jpg
http://img.tupianzj.com/uploads/allimg/160127/9-16012G03H7.jpg
http://img.tupianzj.com/uploads/allimg/160604/16-160604205238.jpg
http://img.tupianzj.com/uploads/allimg/160605/9-160605112421.jpg
http://img.tupianzj.com/uploads/allimg/160605/9-160605112423.jpg
http://img.tupianzj.com/uploads/allimg/160605/9-160605112427.jpg
http://img.tupianzj.com/uploads/allimg/160605/9-160605112429.jpg
http://img.tupianzj.com/uploads/allimg/160605/9-160605112431.jpg
http://img.tupianzj.com/uploads/allimg/160605/9-160605112435.jpg
http://img.tupianzj.com/uploads/allimg/160605/9-160605112438.jpg
http://img.tupianzj.com/uploads/allimg/160127/9-16012G03H8.jpg
http://img.tupianzj.com/uploads/allimg/160605/9-160605112419.jpg
http://img.tupianzj.com/uploads/allimg/160605/9-160605113917.jpg
http://img.tupianzj.com/uploads/allimg/160605/9-160605113921.jpg
http://img.tupianzj.com/uploads/allimg/160605/9-160605113929.jpg
http://img.tupianzj.com/uploads/allimg/160605/9-160605113933.jpg
http://img.tupianzj.com/uploads/allimg/160605/9-160605113938.jpg
http://img.tupianzj.com/uploads/allimg/160605/9-160605113944.jpg
http://img.tupianzj.com/uploads/allimg/160605/9-160605113947.jpg
http://img.tupianzj.com/uploads/allimg/160127/9-16012G03I0.jpg
http://img.tupianzj.com/uploads/allimg/160605/9-160605113914.jpg
http://img.tupianzj.com/uploads/allimg/160606/9-160606224235.jpg
http://img.tupianzj.com/uploads/allimg/160606/9-160606224239.jpg
http://img.tupianzj.com/uploads/allimg/160606/9-160606224247.jpg
http://img.tupianzj.com/uploads/allimg/160606/9-160606224251.jpg
http://img.tupianzj.com/uploads/allimg/160606/9-160606224301.jpg
http://img.tupianzj.com/uploads/allimg/160606/9-160606224311.jpg
http://img.tupianzj.com/uploads/allimg/160606/9-160606224322.jpg
http://img.tupianzj.com/uploads/allimg/160606/9-160606224231.jpg
http://img.tupianzj.com/uploads/allimg/160127/9-16012G03H1.jpg
http://img.tupianzj.com/uploads/allimg/160607/9-16060G52244.jpg
http://img.tupianzj.com/uploads/allimg/160607/9-16060G52251.jpg
http://img.tupianzj.com/uploads/allimg/160607/9-16060G52304.jpg
http://img.tupianzj.com/uploads/allimg/160607/9-16060G52310.jpg
http://img.tupianzj.com/uploads/allimg/160607/9-16060G52314.jpg
http://img.tupianzj.com/uploads/allimg/160607/9-16060G52321.jpg
http://img.tupianzj.com/uploads/allimg/160607/9-16060G52328.jpg
http://img.tupianzj.com/uploads/allimg/160607/9-16060G52235.jpg
http://img.tupianzj.com/uploads/allimg/160607/9-16060G63606.jpg
http://img.tupianzj.com/uploads/allimg/160607/9-16060G63608.jpg
http://img.tupianzj.com/uploads/allimg/160607/9-16060G63611.jpg
http://img.tupianzj.com/uploads/allimg/160607/9-16060G63615.jpg
http://img.tupianzj.com/uploads/allimg/160607/9-16060G63618.jpg
http://img.tupianzj.com/uploads/allimg/160607/9-16060G63620.jpg
http://img.tupianzj.com/uploads/allimg/160607/9-16060G63603.jpg
http://img.tupianzj.com/uploads/allimg/160607/9-16060G63T6.jpg
http://img.tupianzj.com/uploads/allimg/160607/9-16060G63U0.jpg
http://img.tupianzj.com/uploads/allimg/160607/9-16060G63U3.jpg
http://img.tupianzj.com/uploads/allimg/160607/9-16060G63Z0.jpg
http://img.tupianzj.com/uploads/allimg/160607/9-16060G63Z3.jpg
http://img.tupianzj.com/uploads/allimg/160607/9-16060G63910.jpg
http://img.tupianzj.com/uploads/allimg/160607/9-16060G63913.jpg
http://img.tupianzj.com/uploads/allimg/160607/9-16060G63T3.jpg
http://img.tupianzj.com/uploads/allimg/160607/9-16060G64223.jpg
http://img.tupianzj.com/uploads/allimg/160607/9-16060G64226.jpg
http://img.tupianzj.com/uploads/allimg/160607/9-16060G64233.jpg
http://img.tupianzj.com/uploads/allimg/160607/9-16060G64236.jpg
http://img.tupianzj.com/uploads/allimg/160607/9-16060G64239.jpg
http://img.tupianzj.com/uploads/allimg/160607/9-16060G64242.jpg
http://img.tupianzj.com/uploads/allimg/160607/9-16060G64246.jpg
http://img.tupianzj.com/uploads/allimg/160607/9-16060G64219.jpg
http://img.tupianzj.com/uploads/allimg/160608/9-16060QG612.jpg
http://img.tupianzj.com/uploads/allimg/160608/9-16060QG636.jpg
http://img.tupianzj.com/uploads/allimg/160608/9-16060QG647.jpg
http://img.tupianzj.com/uploads/allimg/160608/9-16060QGA5.jpg
http://img.tupianzj.com/uploads/allimg/160608/9-16060QGG8.jpg
http://img.tupianzj.com/uploads/allimg/160608/9-16060QGH5.jpg
http://img.tupianzj.com/uploads/allimg/160608/9-16060QGI9.jpg
http://img.tupianzj.com/uploads/allimg/160608/9-16060QG544.jpg
http://img.tupianzj.com/uploads/allimg/160608/9-16060QH346.jpg
http://img.tupianzj.com/uploads/allimg/160608/9-16060QH357.jpg
http://img.tupianzj.com/uploads/allimg/160608/9-16060QH404.jpg
http://img.tupianzj.com/uploads/allimg/160608/9-16060QH413.jpg
http://img.tupianzj.com/uploads/allimg/160608/9-16060QH421.jpg
http://img.tupianzj.com/uploads/allimg/160608/9-16060QH429.jpg
http://img.tupianzj.com/uploads/allimg/160608/9-16060QH339.jpg
http://img.tupianzj.com/uploads/allimg/160609/9-160609104945.jpg
http://img.tupianzj.com/uploads/allimg/160609/9-160609104949.jpg
http://img.tupianzj.com/uploads/allimg/160609/9-160609104954.jpg
http://img.tupianzj.com/uploads/allimg/160609/9-160609105003.jpg
http://img.tupianzj.com/uploads/allimg/160609/9-160609105007.jpg
http://img.tupianzj.com/uploads/allimg/160609/9-160609105010.jpg
http://img.tupianzj.com/uploads/allimg/160609/9-160609105015.jpg
http://img.tupianzj.com/uploads/allimg/160609/9-160609104942.jpg
http://img.tupianzj.com/uploads/allimg/160609/9-160609112120.jpg
http://img.tupianzj.com/uploads/allimg/160609/9-160609112157.jpg
http://img.tupianzj.com/uploads/allimg/160609/9-160609112226.jpg
http://img.tupianzj.com/uploads/allimg/160609/9-160609112234.jpg
http://img.tupianzj.com/uploads/allimg/160609/9-160609112242.jpg
http://img.tupianzj.com/uploads/allimg/160609/9-160609112248.jpg
http://img.tupianzj.com/uploads/allimg/160609/9-160609112300.jpg
http://img.tupianzj.com/uploads/allimg/160609/9-160609112053.jpg
http://img.tupianzj.com/uploads/allimg/160610/9-160610114037.jpg
http://img.tupianzj.com/uploads/allimg/160610/9-160610114041.jpg
http://img.tupianzj.com/uploads/allimg/160610/9-160610114046.jpg
http://img.tupianzj.com/uploads/allimg/160610/9-160610114049.jpg
http://img.tupianzj.com/uploads/allimg/160610/9-160610114052.jpg
http://img.tupianzj.com/uploads/allimg/160610/9-160610114056.jpg
http://img.tupianzj.com/uploads/allimg/160610/9-160610114059.jpg
http://img.tupianzj.com/uploads/allimg/160610/9-160610114033.jpg
http://img.tupianzj.com/uploads/allimg/160611/9-160611223533.jpg
http://img.tupianzj.com/uploads/allimg/160611/9-160611223538.jpg
http://img.tupianzj.com/uploads/allimg/160611/9-160611223543.jpg
http://img.tupianzj.com/uploads/allimg/160611/9-160611223550.jpg
http://img.tupianzj.com/uploads/allimg/160611/9-160611223553.jpg
http://img.tupianzj.com/uploads/allimg/160611/9-160611223557.jpg
http://img.tupianzj.com/uploads/allimg/160611/9-160611223603.jpg
http://img.tupianzj.com/uploads/allimg/160611/9-160611223527.jpg
http://img.tupianzj.com/uploads/allimg/160130/9-160130135502.jpg
http://img.tupianzj.com/uploads/allimg/160612/9-160612093145.jpg
http://img.tupianzj.com/uploads/allimg/160612/9-160612093152.jpg
http://img.tupianzj.com/uploads/allimg/160612/9-160612093159.jpg
http://img.tupianzj.com/uploads/allimg/160612/9-160612093217.jpg
http://img.tupianzj.com/uploads/allimg/160612/9-160612093254.jpg
http://img.tupianzj.com/uploads/allimg/160612/9-160612093347.jpg
http://img.tupianzj.com/uploads/allimg/160612/9-160612093358.jpg
http://img.tupianzj.com/uploads/allimg/160612/9-160612093139.jpg
http://img.tupianzj.com/uploads/allimg/160612/9-160612095540.jpg
http://img.tupianzj.com/uploads/allimg/160612/9-160612095541.jpg
http://img.tupianzj.com/uploads/allimg/160612/9-160612095542.jpg
http://img.tupianzj.com/uploads/allimg/160612/9-160612095543.jpg
http://img.tupianzj.com/uploads/allimg/160612/9-160612095544.jpg
http://img.tupianzj.com/uploads/allimg/160612/9-160612095548.jpg
http://img.tupianzj.com/uploads/allimg/160612/9-160612095549.jpg
http://img.tupianzj.com/uploads/allimg/160612/9-160612095535.jpg
http://img.tupianzj.com/uploads/allimg/160613/9-1606130ZU3.jpg
http://img.tupianzj.com/uploads/allimg/160613/9-1606130ZU5.jpg
http://img.tupianzj.com/uploads/allimg/160613/9-1606130ZU8.jpg
http://img.tupianzj.com/uploads/allimg/160613/9-1606130Z920.jpg
http://img.tupianzj.com/uploads/allimg/160613/9-1606130Z924.jpg
http://img.tupianzj.com/uploads/allimg/160613/9-1606130Z928.jpg
http://img.tupianzj.com/uploads/allimg/160613/9-1606130Z932.jpg
http://img.tupianzj.com/uploads/allimg/160130/9-160130194109.jpg
http://img.tupianzj.com/uploads/allimg/160613/9-1606130ZT9.jpg
http://img.tupianzj.com/uploads/allimg/160614/9-1606140T041.jpg
http://img.tupianzj.com/uploads/allimg/160614/9-1606140T043.jpg
http://img.tupianzj.com/uploads/allimg/160614/9-1606140T044.jpg
http://img.tupianzj.com/uploads/allimg/160614/9-1606140T047.jpg
http://img.tupianzj.com/uploads/allimg/160614/9-1606140T049.jpg
http://img.tupianzj.com/uploads/allimg/160614/9-1606140T052.jpg
http://img.tupianzj.com/uploads/allimg/160614/9-1606140T056.jpg
http://img.tupianzj.com/uploads/allimg/160130/9-160130194118.jpg
http://img.tupianzj.com/uploads/allimg/160614/9-1606140T037.jpg
http://img.tupianzj.com/uploads/allimg/160614/9-1606140T439.jpg
http://img.tupianzj.com/uploads/allimg/160614/9-1606140T441.jpg
http://img.tupianzj.com/uploads/allimg/160614/9-1606140T442.jpg
http://img.tupianzj.com/uploads/allimg/160614/9-1606140T444.jpg
http://img.tupianzj.com/uploads/allimg/160614/9-1606140T447.jpg
http://img.tupianzj.com/uploads/allimg/160130/9-160130194127.jpg
http://img.tupianzj.com/uploads/allimg/160614/9-1606140T438.jpg
http://img.tupianzj.com/uploads/allimg/160615/9-160615093F9.jpg
http://img.tupianzj.com/uploads/allimg/160615/9-160615093G1.jpg
http://img.tupianzj.com/uploads/allimg/160615/9-160615093G4.jpg
http://img.tupianzj.com/uploads/allimg/160615/9-160615093G7.jpg
http://img.tupianzj.com/uploads/allimg/160615/9-160615093H0.jpg
http://img.tupianzj.com/uploads/allimg/160615/9-160615093H3.jpg
http://img.tupianzj.com/uploads/allimg/160615/9-160615093H5.jpg
http://img.tupianzj.com/uploads/allimg/160130/9-160130194134.jpg
http://img.tupianzj.com/uploads/allimg/160615/9-160615093F8.jpg
http://img.tupianzj.com/uploads/allimg/160615/9-160615094A6.jpg
http://img.tupianzj.com/uploads/allimg/160615/9-160615094A7.jpg
http://img.tupianzj.com/uploads/allimg/160615/9-160615094A8.jpg
http://img.tupianzj.com/uploads/allimg/160615/9-160615094F0.jpg
http://img.tupianzj.com/uploads/allimg/160615/9-160615094F1.jpg
http://img.tupianzj.com/uploads/allimg/160615/9-160615094F2.jpg
http://img.tupianzj.com/uploads/allimg/160615/9-160615094F3.jpg
http://img.tupianzj.com/uploads/allimg/160130/9-160130194144.jpg
http://img.tupianzj.com/uploads/allimg/160615/9-160615094A5.jpg
http://img.tupianzj.com/uploads/allimg/160616/9-160616093207.jpg
http://img.tupianzj.com/uploads/allimg/160616/9-160616093209.jpg
http://img.tupianzj.com/uploads/allimg/160616/9-160616093211.jpg
http://img.tupianzj.com/uploads/allimg/160616/9-160616093214.jpg
http://img.tupianzj.com/uploads/allimg/160616/9-160616093216.jpg
http://img.tupianzj.com/uploads/allimg/160616/9-160616093218.jpg
http://img.tupianzj.com/uploads/allimg/160616/9-160616093219.jpg
http://img.tupianzj.com/uploads/allimg/160130/9-160130194154.jpg
http://img.tupianzj.com/uploads/allimg/160616/9-160616093204.jpg
http://img.tupianzj.com/uploads/allimg/160617/9-16061F91212.jpg
http://img.tupianzj.com/uploads/allimg/160617/9-16061F91214.jpg
http://img.tupianzj.com/uploads/allimg/160617/9-16061F91215.jpg
http://img.tupianzj.com/uploads/allimg/160617/9-16061F91216.jpg
http://img.tupianzj.com/uploads/allimg/160617/9-16061F91218.jpg
http://img.tupianzj.com/uploads/allimg/160617/9-16061F91219.jpg
http://img.tupianzj.com/uploads/allimg/160617/9-16061F91220.jpg
http://img.tupianzj.com/uploads/allimg/160130/9-160130194204.jpg
http://img.tupianzj.com/uploads/allimg/160617/9-16061F91211.jpg
http://img.tupianzj.com/uploads/allimg/160618/9-16061PT017.jpg
http://img.tupianzj.com/uploads/allimg/160618/9-16061PT021.jpg
http://img.tupianzj.com/uploads/allimg/160618/9-16061PT023.jpg
http://img.tupianzj.com/uploads/allimg/160618/9-16061PT027.jpg
http://img.tupianzj.com/uploads/allimg/160618/9-16061PT029.jpg
http://img.tupianzj.com/uploads/allimg/160618/9-16061PT015.jpg
http://img.tupianzj.com/uploads/allimg/160130/9-160130194100.jpg
http://img.tupianzj.com/uploads/allimg/160618/9-16061PT240.jpg
http://img.tupianzj.com/uploads/allimg/160618/9-16061PT242.jpg
http://img.tupianzj.com/uploads/allimg/160618/9-16061PT243.jpg
http://img.tupianzj.com/uploads/allimg/160618/9-16061PT245.jpg
http://img.tupianzj.com/uploads/allimg/160618/9-16061PT247.jpg
http://img.tupianzj.com/uploads/allimg/160618/9-16061PT248.jpg
http://img.tupianzj.com/uploads/allimg/160618/9-16061PT250.jpg
http://img.tupianzj.com/uploads/allimg/160618/9-16061PT239.jpg
http://img.tupianzj.com/uploads/allimg/160618/9-16061PT336.jpg
http://img.tupianzj.com/uploads/allimg/160618/9-16061PT339.jpg
http://img.tupianzj.com/uploads/allimg/160618/9-16061PT341.jpg
http://img.tupianzj.com/uploads/allimg/160618/9-16061PT345.jpg
http://img.tupianzj.com/uploads/allimg/160618/9-16061PT347.jpg
http://img.tupianzj.com/uploads/allimg/160618/9-16061PT349.jpg
http://img.tupianzj.com/uploads/allimg/160618/9-16061PT351.jpg
http://img.tupianzj.com/uploads/allimg/160618/9-16061PT334.jpg
http://img.tupianzj.com/uploads/allimg/160619/9-160619110549.jpg
http://img.tupianzj.com/uploads/allimg/160619/9-160619110558.jpg
http://img.tupianzj.com/uploads/allimg/160619/9-160619110601.jpg
http://img.tupianzj.com/uploads/allimg/160619/9-160619110602.jpg
http://img.tupianzj.com/uploads/allimg/160619/9-160619110603.jpg
http://img.tupianzj.com/uploads/allimg/160619/9-160619110606.jpg
http://img.tupianzj.com/uploads/allimg/160619/9-160619110608.jpg
http://img.tupianzj.com/uploads/allimg/160203/9-160203094055.jpg
http://img.tupianzj.com/uploads/allimg/160619/9-160619110527.jpg
http://img.tupianzj.com/uploads/allimg/160621/9-160621091646.jpg
http://img.tupianzj.com/uploads/allimg/160621/9-160621091647.jpg
http://img.tupianzj.com/uploads/allimg/160621/9-160621091649.jpg
http://img.tupianzj.com/uploads/allimg/160203/9-160203094059.jpg
http://img.tupianzj.com/uploads/allimg/160621/9-160621091642.jpg
http://img.tupianzj.com/uploads/allimg/160622/9-160622102058.jpg
http://img.tupianzj.com/uploads/allimg/160622/9-160622102059.jpg
http://img.tupianzj.com/uploads/allimg/160622/9-160622102100.jpg
http://img.tupianzj.com/uploads/allimg/160622/9-160622102101.jpg
http://img.tupianzj.com/uploads/allimg/160622/9-160622102103.jpg
http://img.tupianzj.com/uploads/allimg/160622/9-160622102104.jpg
http://img.tupianzj.com/uploads/allimg/160622/9-160622102105.jpg
http://img.tupianzj.com/uploads/allimg/160203/9-160203094102.jpg
http://img.tupianzj.com/uploads/allimg/160622/9-160622102056.jpg
http://img.tupianzj.com/uploads/allimg/160623/9-160623094H8.jpg
http://img.tupianzj.com/uploads/allimg/160623/9-160623094I0.jpg
http://img.tupianzj.com/uploads/allimg/160623/9-160623094I2.jpg
http://img.tupianzj.com/uploads/allimg/160623/9-160623094I4.jpg
http://img.tupianzj.com/uploads/allimg/160623/9-160623094I5.jpg
http://img.tupianzj.com/uploads/allimg/160623/9-160623094I7.jpg
http://img.tupianzj.com/uploads/allimg/160623/9-160623094I9.jpg
http://img.tupianzj.com/uploads/allimg/160203/9-160203094107.jpg
http://img.tupianzj.com/uploads/allimg/160623/9-160623094H5.jpg
http://img.tupianzj.com/uploads/allimg/160624/9-160624110000.jpg
http://img.tupianzj.com/uploads/allimg/160624/9-160624110001.jpg
http://img.tupianzj.com/uploads/allimg/160624/9-160624110002.jpg
http://img.tupianzj.com/uploads/allimg/160624/9-160624110004.jpg
http://img.tupianzj.com/uploads/allimg/160624/9-160624110006.jpg
http://img.tupianzj.com/uploads/allimg/160624/9-160624110009.jpg
http://img.tupianzj.com/uploads/allimg/160624/9-160624110012.jpg
http://img.tupianzj.com/uploads/allimg/160203/9-160203094109.jpg
http://img.tupianzj.com/uploads/allimg/160624/9-160624105959.jpg
http://img.tupianzj.com/uploads/allimg/160626/9-1606261FT0.jpg
http://img.tupianzj.com/uploads/allimg/160626/9-1606261FT4.jpg
http://img.tupianzj.com/uploads/allimg/160626/9-1606261FZ2.jpg
http://img.tupianzj.com/uploads/allimg/160626/9-1606261FZ9.jpg
http://img.tupianzj.com/uploads/allimg/160626/9-1606261F917.jpg
http://img.tupianzj.com/uploads/allimg/160626/9-1606261F926.jpg
http://img.tupianzj.com/uploads/allimg/160203/9-160203094112.jpg
http://img.tupianzj.com/uploads/allimg/160626/9-1606261FS3.jpg
http://img.tupianzj.com/uploads/allimg/160628/9-16062P94023.jpg
http://img.tupianzj.com/uploads/allimg/160628/9-16062P94024.jpg
http://img.tupianzj.com/uploads/allimg/160628/9-16062P94025.jpg
http://img.tupianzj.com/uploads/allimg/160628/9-16062P94026.jpg
http://img.tupianzj.com/uploads/allimg/160628/9-16062P94028.jpg
http://img.tupianzj.com/uploads/allimg/160628/9-16062P94031.jpg
http://img.tupianzj.com/uploads/allimg/160628/9-16062P94033.jpg
http://img.tupianzj.com/uploads/allimg/160203/9-160203094115.jpg
http://img.tupianzj.com/uploads/allimg/160628/9-16062P94021.jpg
http://img.tupianzj.com/uploads/allimg/160629/9-16062Z92218.jpg
http://img.tupianzj.com/uploads/allimg/160629/9-16062Z92220.jpg
http://img.tupianzj.com/uploads/allimg/160629/9-16062Z92222.jpg
http://img.tupianzj.com/uploads/allimg/160629/9-16062Z92223.jpg
http://img.tupianzj.com/uploads/allimg/160629/9-16062Z92224.jpg
http://img.tupianzj.com/uploads/allimg/160629/9-16062Z92225.jpg
http://img.tupianzj.com/uploads/allimg/160629/9-16062Z92227.jpg
http://img.tupianzj.com/uploads/allimg/160629/9-16062Z92217.jpg
http://img.tupianzj.com/uploads/allimg/160203/9-160203094052.jpg
http://img.tupianzj.com/uploads/allimg/160701/9-160F10U602.jpg
http://img.tupianzj.com/uploads/allimg/160701/9-160F10U603.jpg
http://img.tupianzj.com/uploads/allimg/160701/9-160F10U605.jpg
http://img.tupianzj.com/uploads/allimg/160701/9-160F10U607.jpg
http://img.tupianzj.com/uploads/allimg/160701/9-160F10U608.jpg
http://img.tupianzj.com/uploads/allimg/160701/9-160F10U610.jpg
http://img.tupianzj.com/uploads/allimg/160701/9-160F10U612.jpg
http://img.tupianzj.com/uploads/allimg/160701/9-160F10U601.jpg
http://img.tupianzj.com/uploads/allimg/160206/9-160206093139.jpg
http://img.tupianzj.com/uploads/allimg/160206/9-160206093143.jpg
http://img.tupianzj.com/uploads/allimg/160206/9-160206093148.jpg
http://img.tupianzj.com/uploads/allimg/160206/9-160206093152.jpg
http://img.tupianzj.com/uploads/allimg/160206/9-160206093156.jpg
http://img.tupianzj.com/uploads/allimg/160206/9-160206093159.jpg
http://img.tupianzj.com/uploads/allimg/160206/9-160206093134.jpg
http://img.tupianzj.com/uploads/allimg/160206/9-1602061I059.jpg
http://img.tupianzj.com/uploads/allimg/160206/9-1602061I108.jpg
http://img.tupianzj.com/uploads/allimg/160206/9-1602061I115.jpg
http://img.tupianzj.com/uploads/allimg/160206/9-1602061I120.jpg
http://img.tupianzj.com/uploads/allimg/160206/9-1602061I129.jpg
http://img.tupianzj.com/uploads/allimg/160206/9-1602061I137.jpg
http://img.tupianzj.com/uploads/allimg/160206/9-1602061I142.jpg
http://img.tupianzj.com/uploads/allimg/160206/9-1602061I051.jpg
